2018-06-20 08:37:50,463 - [ERROR] - from hello$ in main:	Fail:
java.lang.Error: Bad
	at hello$$anonfun$1.apply(hello.scala:6)
	at hello$$anonfun$1.apply(hello.scala:6)
	at scala.util.Try$.apply(Try.scala:192)
	at hello$.delayedEndpoint$hello$1(hello.scala:6)
	at hello$delayedInit$body.apply(hello.scala:5)
	at scala.Function0$class.apply$mcV$sp(Function0.scala:34)
	at scala.runtime.AbstractFunction0.apply$mcV$sp(AbstractFunction0.scala:12)
	at scala.App$$anonfun$main$1.apply(App.scala:76)
	at scala.App$$anonfun$main$1.apply(App.scala:76)
	at scala.collection.immutable.List.foreach(List.scala:381)
	at scala.collection.generic.TraversableForwarder$class.foreach(TraversableForwarder.scala:35)
	at scala.App$class.main(App.scala:76)
	at hello$.main(hello.scala:5)
	at hello.main(hello.scala)

2018-08-19 10:10:29,406 - [ERROR] - from hello$ in main:	Fail:
java.lang.Error: Bad
	at hello$$anonfun$1.apply(hello.scala:6)
	at hello$$anonfun$1.apply(hello.scala:6)
	at scala.util.Try$.apply(Try.scala:192)
	at hello$.delayedEndpoint$hello$1(hello.scala:6)
	at hello$delayedInit$body.apply(hello.scala:5)
	at scala.Function0$class.apply$mcV$sp(Function0.scala:34)
	at scala.runtime.AbstractFunction0.apply$mcV$sp(AbstractFunction0.scala:12)
	at scala.App$$anonfun$main$1.apply(App.scala:76)
	at scala.App$$anonfun$main$1.apply(App.scala:76)
	at scala.collection.immutable.List.foreach(List.scala:381)
	at scala.collection.generic.TraversableForwarder$class.foreach(TraversableForwarder.scala:35)
	at scala.App$class.main(App.scala:76)
	at hello$.main(hello.scala:5)
	at hello.main(hello.scala)

